<?xml version="1.0" encoding="UTF-8"?>
<!-- Generated by org.testng.reporters.JUnitXMLReporter -->
<testsuite ignored="0" hostname="LAPTOP-06GFGGBP" failures="1" tests="1" name="Check Box Error Validation Test" time="12.08" errors="0" timestamp="2024-07-16T13:23:08 IST">
  <testcase classname="HTC.GreenKart.ErrorMessageValidation" name="OrderSubmitTest" time="8.196">
    <failure type="java.lang.AssertionError" message="expected [Please accep Terms &amp;amp; Conditions - Required] but found [Please accept Terms &amp;amp; Conditions - Required]">
      <![CDATA[java.lang.AssertionError: expected [Please accep Terms & Conditions - Required] but found [Please accept Terms & Conditions - Required]
at HTC.GreenKart.ErrorMessageValidation.OrderSubmitTest(ErrorMessageValidation.java:49)
at java.base/java.util.ArrayList.forEach(ArrayList.java:1596)
at java.base/java.util.concurrent.FutureTask.run(FutureTask.java:317)
at java.base/java.util.concurrent.ThreadPoolExecutor.runWorker(ThreadPoolExecutor.java:1144)
at java.base/java.util.concurrent.ThreadPoolExecutor$Worker.run(ThreadPoolExecutor.java:642)
at java.base/java.lang.Thread.run(Thread.java:1583)
... Removed 21 stack frames]]>
    </failure>
  </testcase> <!-- OrderSubmitTest -->
</testsuite> <!-- Check Box Error Validation Test -->
